<?xml version="1.0" encoding="UTF-8"?>
<!-- Generated by org.testng.reporters.JUnitXMLReporter -->
<testsuite hostname="EH-COE-QA-VM-CI" failures="1" tests="2" name="Default test" time="84.064" errors="0" timestamp="25 Apr 2025 09:37:28 GMT">
  <testcase classname="TestRunner.runner" name="scenario" time="64.09"/>
  <testcase classname="TestRunner.runner" name="scenario" time="17.763">
    <failure type="java.lang.AssertionError" message="expected [true] but found [false]">
      <![CDATA[java.lang.AssertionError: expected [true] but found [false]
	at org.testng.Assert.fail(Assert.java:94)
	at org.testng.Assert.failNotEquals(Assert.java:494)
	at org.testng.Assert.assertTrue(Assert.java:42)
	at org.testng.Assert.assertTrue(Assert.java:52)
	at com.ObjectRepo.Registerelements.LogoValidate(Registerelements.java:170)
	at StepDefinition.reg_opencartSteps.user_validates_logo_of_My_cart_Application(reg_opencartSteps.java:63)
	at âœ½.user validates logo of My cart Application(file:///C:/Users/EnhopsAzureAdmin/Desktop/Selenium_Cucumber_Gradle/src/test/resources/Features/Reg_Opencart.feature:20)
]]>
    </failure>
  </testcase> <!-- scenario -->
</testsuite> <!-- Default test -->
